lab#03/ImplicitIntents/outputs/logs/manifest-merger-debug-report.txt
-- Merging decision tree log ---
manifest
ADDED from src\main\AndroidManifest.xml:2:1-22:12
INJECTED from src\main\AndroidManifest.xml:2:1-22:12
INJECTED from src\main\AndroidManifest.xml:2:1-22:12
INJECTED from src\main\AndroidManifest.xml:2:1-22:12
MERGED from [com.android.support:appcompat-v7:28.0.0-alpha1] AndroidManifest.xml:17:1-23:12
MERGED from [com.android.support.constraint:constraint-layout:1.1.3] AndroidManifest.xml:2:1-11:12
MERGED from [com.android.support:support-fragment:28.0.0-alpha1] AndroidManifest.xml:17:1-23:12
MERGED from [com.android.support:animated-vector-drawable:28.0.0-alpha1] AndroidManifest.xml:17:1-23:12
MERGED from [com.android.support:support-core-ui:28.0.0-alpha1] AndroidManifest.xml:17:1-23:12
MERGED from [com.android.support:support-core-utils:28.0.0-alpha1] AndroidManifest.xml:17:1-23:12
MERGED from [com.android.support:support-vector-drawable:28.0.0-alpha1] AndroidManifest.xml:17:1-22:12
MERGED from [com.android.support:loader:28.0.0-alpha1] AndroidManifest.xml:17:1-23:12
MERGED from [com.android.support:viewpager:28.0.0-alpha1] AndroidManifest.xml:17:1-23:12
MERGED from [com.android.support:coordinatorlayout:28.0.0-alpha1] AndroidManifest.xml:17:1-23:12
MERGED from [com.android.support:drawerlayout:28.0.0-alpha1] AndroidManifest.xml:17:1-23:12
MERGED from [com.android.support:slidingpanelayout:28.0.0-alpha1] AndroidManifest.xml:17:1-23:12
MERGED from [com.android.support:customview:28.0.0-alpha1] AndroidManifest.xml:17:1-23:12
MERGED from [com.android.support:swiperefreshlayout:28.0.0-alpha1] AndroidManifest.xml:17:1-23:12
MERGED from [com.android.support:asynclayoutinflater:28.0.0-alpha1] AndroidManifest.xml:17:1-23:12
MERGED from [com.android.support:support-compat:28.0.0-alpha1] AndroidManifest.xml:17:1-23:12
MERGED from [com.android.support:documentfile:28.0.0-alpha1] AndroidManifest.xml:17:1-23:12
MERGED from [com.android.support:localbroadcastmanager:28.0.0-alpha1] AndroidManifest.xml:17:1-23:12
MERGED from [com.android.support:print:28.0.0-alpha1] AndroidManifest.xml:17:1-23:12
MERGED from [com.android.support:interpolator:28.0.0-alpha1] AndroidManifest.xml:17:1-23:12
MERGED from [com.android.support:cursoradapter:28.0.0-alpha1] AndroidManifest.xml:17:1-23:12
MERGED from [android.arch.lifecycle:viewmodel:1.1.0] AndroidManifest.xml:17:1-22:12
MERGED from [android.arch.lifecycle:runtime:1.1.0] AndroidManifest.xml:17:1-22:12
MERGED from [android.arch.lifecycle:livedata-core:1.1.0] AndroidManifest.xml:17:1-22:12
MERGED from [android.arch.core:runtime:1.1.0] AndroidManifest.xml:17:1-22:12
INJECTED from src\main\AndroidManifest.xml:2:1-22:12
INJECTED from src\main\AndroidManifest.xml:2:1-22:12
INJECTED from src\main\AndroidManifest.xml:2:1-22:12
	package
		ADDED from src\main\AndroidManifest.xml:3:5-55
		INJECTED from src\main\AndroidManifest.xml
		INJECTED from src\main\AndroidManifest.xml
	android:versionName
		INJECTED from src\main\AndroidManifest.xml
		ADDED from src\main\AndroidManifest.xml:2:1-22:12
		INJECTED from src\main\AndroidManifest.xml
	android:versionCode
		INJECTED from src\main\AndroidManifest.xml
		ADDED from src\main\AndroidManifest.xml:2:1-22:12
		INJECTED from src\main\AndroidManifest.xml
	xmlns:android
		ADDED from src\main\AndroidManifest.xml:2:11-69
uses-permission#android.permission.CAMERA
ADDED from src\main\AndroidManifest.xml:4:5-81
	android:name
		ADDED from src\main\AndroidManifest.xml:4:22-62
application
ADDED from src\main\AndroidManifest.xml:6:5-20:24
MERGED from [com.android.support.constraint:constraint-layout:1.1.3] AndroidManifest.xml:9:5-20
MERGED from [com.android.support.constraint:constraint-layout:1.1.3] AndroidManifest.xml:9:5-20
	android:supportsRtl
		ADDED from src\main\AndroidManifest.xml:11:9-35
	android:label
		ADDED from src\main\AndroidManifest.xml:9:9-41
	android:roundIcon
		ADDED from src\main\AndroidManifest.xml:10:9-54
	android:icon
		ADDED from src\main\AndroidManifest.xml:8:9-43
	android:allowBackup
		ADDED from src\main\AndroidManifest.xml:7:9-35
	android:theme
		ADDED from src\main\AndroidManifest.xml:12:9-40
activity#com.example.shahmuhammad.implicitintents.implicitIntent
ADDED from src\main\AndroidManifest.xml:13:5-19:16
	android:name
		ADDED from src\main\AndroidManifest.xml:13:15-45
intent-filter#action:name:android.intent.action.MAIN+category:name:android.intent.category.LAUNCHER
ADDED from src\main\AndroidManifest.xml:14:9-18:25
action#android.intent.action.MAIN
ADDED from src\main\AndroidManifest.xml:15:13-65
	android:name
		ADDED from src\main\AndroidManifest.xml:15:21-62
category#android.intent.category.LAUNCHER
ADDED from src\main\AndroidManifest.xml:17:13-73
	android:name
		ADDED from src\main\AndroidManifest.xml:17:23-70
uses-sdk
INJECTED from src\main\AndroidManifest.xml reason: use-sdk injection requested
INJECTED from src\main\AndroidManifest.xml
INJECTED from src\main\AndroidManifest.xml
MERGED from [com.android.support:appcompat-v7:28.0.0-alpha1] AndroidManifest.xml:21:5-44
MERGED from [com.android.support:appcompat-v7:28.0.0-alpha1] AndroidManifest.xml:21:5-44
MERGED from [com.android.support.constraint:constraint-layout:1.1.3] AndroidManifest.xml:5:5-7:41
MERGED from [com.android.support.constraint:constraint-layout:1.1.3] AndroidManifest.xml:5:5-7:41
MERGED from [com.android.support:support-fragment:28.0.0-alpha1] AndroidManifest.xml:21:5-44
MERGED from [com.android.support:support-fragment:28.0.0-alpha1] AndroidManifest.xml:21:5-44
MERGED from [com.android.support:animated-vector-drawable:28.0.0-alpha1] AndroidManifest.xml:21:5-44
MERGED from [com.android.support:animated-vector-drawable:28.0.0-alpha1] AndroidManifest.xml:21:5-44
MERGED from [com.android.support:support-core-ui:28.0.0-alpha1] AndroidManifest.xml:21:5-44
MERGED from [com.android.support:support-core-ui:28.0.0-alpha1] AndroidManifest.xml:21:5-44
MERGED from [com.android.support:support-core-utils:28.0.0-alpha1] AndroidManifest.xml:21:5-44
MERGED from [com.android.support:support-core-utils:28.0.0-alpha1] AndroidManifest.xml:21:5-44
MERGED from [com.android.support:support-vector-drawable:28.0.0-alpha1] AndroidManifest.xml:20:5-44
MERGED from [com.android.support:support-vector-drawable:28.0.0-alpha1] AndroidManifest.xml:20:5-44
MERGED from [com.android.support:loader:28.0.0-alpha1] AndroidManifest.xml:21:5-44
MERGED from [com.android.support:loader:28.0.0-alpha1] AndroidManifest.xml:21:5-44
MERGED from [com.android.support:viewpager:28.0.0-alpha1] AndroidManifest.xml:21:5-44
MERGED from [com.android.support:viewpager:28.0.0-alpha1] AndroidManifest.xml:21:5-44
MERGED from [com.android.support:coordinatorlayout:28.0.0-alpha1] AndroidManifest.xml:21:5-44
MERGED from [com.android.support:coordinatorlayout:28.0.0-alpha1] AndroidManifest.xml:21:5-44
MERGED from [com.android.support:drawerlayout:28.0.0-alpha1] AndroidManifest.xml:21:5-44
MERGED from [com.android.support:drawerlayout:28.0.0-alpha1] AndroidManifest.xml:21:5-44
MERGED from [com.android.support:slidingpanelayout:28.0.0-alpha1] AndroidManifest.xml:21:5-44
MERGED from [com.android.support:slidingpanelayout:28.0.0-alpha1] AndroidManifest.xml:21:5-44
MERGED from [com.android.support:customview:28.0.0-alpha1] AndroidManifest.xml:21:5-44
MERGED from [com.android.support:customview:28.0.0-alpha1] AndroidManifest.xml:21:5-44
MERGED from [com.android.support:swiperefreshlayout:28.0.0-alpha1] AndroidManifest.xml:21:5-44
MERGED from [com.android.support:swiperefreshlayout:28.0.0-alpha1] AndroidManifest.xml:21:5-44
MERGED from [com.android.support:asynclayoutinflater:28.0.0-alpha1] AndroidManifest.xml:21:5-44
MERGED from [com.android.support:asynclayoutinflater:28.0.0-alpha1] AndroidManifest.xml:21:5-44
MERGED from [com.android.support:support-compat:28.0.0-alpha1] AndroidManifest.xml:21:5-44
MERGED from [com.android.support:support-compat:28.0.0-alpha1] AndroidManifest.xml:21:5-44
MERGED from [com.android.support:documentfile:28.0.0-alpha1] AndroidManifest.xml:21:5-44
MERGED from [com.android.support:documentfile:28.0.0-alpha1] AndroidManifest.xml:21:5-44
MERGED from [com.android.support:localbroadcastmanager:28.0.0-alpha1] AndroidManifest.xml:21:5-44
MERGED from [com.android.support:localbroadcastmanager:28.0.0-alpha1] AndroidManifest.xml:21:5-44
MERGED from [com.android.support:print:28.0.0-alpha1] AndroidManifest.xml:21:5-44
MERGED from [com.android.support:print:28.0.0-alpha1] AndroidManifest.xml:21:5-44
MERGED from [com.android.support:interpolator:28.0.0-alpha1] AndroidManifest.xml:21:5-44
MERGED from [com.android.support:interpolator:28.0.0-alpha1] AndroidManifest.xml:21:5-44
MERGED from [com.android.support:cursoradapter:28.0.0-alpha1] AndroidManifest.xml:21:5-44
MERGED from [com.android.support:cursoradapter:28.0.0-alpha1] AndroidManifest.xml:21:5-44
MERGED from [android.arch.lifecycle:viewmodel:1.1.0] AndroidManifest.xml:20:5-44
MERGED from [android.arch.lifecycle:viewmodel:1.1.0] AndroidManifest.xml:20:5-44
MERGED from [android.arch.lifecycle:runtime:1.1.0] AndroidManifest.xml:20:5-44
MERGED from [android.arch.lifecycle:runtime:1.1.0] AndroidManifest.xml:20:5-44
MERGED from [android.arch.lifecycle:livedata-core:1.1.0] AndroidManifest.xml:20:5-44
MERGED from [android.arch.lifecycle:livedata-core:1.1.0] AndroidManifest.xml:20:5-44
MERGED from [android.arch.core:runtime:1.1.0] AndroidManifest.xml:20:5-44
MERGED from [android.arch.core:runtime:1.1.0] AndroidManifest.xml:20:5-44
INJECTED from src\main\AndroidManifest.xml
INJECTED from src\main\AndroidManifest.xml
	android:targetSdkVersion
		INJECTED from src\main\AndroidManifest.xml
		ADDED from src\main\AndroidManifest.xml
		INJECTED from src\main\AndroidManifest.xml
	android:minSdkVersion
		INJECTED from src\main\AndroidManifest.xml
		ADDED from src\main\AndroidManifest.xml
		INJECTED from src\main\AndroidManifest.xml